生成启动时间为 2014/11/21 16:37:30。
     1>项目“E:\Github\LeetCode\Zigzag Conversion\Zigzag Conversion\Zigzag Conversion.vcxproj”在节点 2 上(build 个目标)。
     1>InitializeBuildStatus:
         正在创建“Debug\Zigzag Conversion.unsuccessfulbuild”，因为已指定“AlwaysCreate”。
       ClCompile:
         d:\VisualStudio2010\VC\bin\CL.exe /c /ZI /nologo /W3 /WX- /Od /Oy- /D _MBCS /Gm /EHsc /RTC1 /MDd /GS /fp:precise /Zc:wchar_t /Zc:forScope /Fo"Debug\\" /Fd"Debug\vc100.pdb" /Gd /TP /analyze- /errorReport:prompt Zigzag.cpp
         Zigzag.cpp
     1>e:\github\leetcode\zigzag conversion\zigzag conversion\zigzag.cpp(8): warning C4018: “<”: 有符号/无符号不匹配
       Link:
         d:\VisualStudio2010\VC\bin\link.exe /ERRORREPORT:PROMPT /OUT:"E:\Github\LeetCode\Zigzag Conversion\Debug\Zigzag Conversion.exe" /NOLOGO kernel32.lib user32.lib gdi32.lib winspool.lib comdlg32.lib advapi32.lib shell32.lib ole32.lib oleaut32.lib uuid.lib odbc32.lib odbccp32.lib /MANIFEST /ManifestFile:"Debug\Zigzag Conversion.exe.intermediate.manifest" /MANIFESTUAC:"level='asInvoker' uiAccess='false'" /DEBUG /PDB:"E:\Github\LeetCode\Zigzag Conversion\Debug\Zigzag Conversion.pdb" /SUBSYSTEM:CONSOLE /TLBID:1 /DYNAMICBASE /NXCOMPAT /IMPLIB:"E:\Github\LeetCode\Zigzag Conversion\Debug\Zigzag Conversion.lib" /MACHINE:X86 Debug\Zigzag.obj
         LINK : 没有找到 E:\Github\LeetCode\Zigzag Conversion\Debug\Zigzag Conversion.exe 或上一个增量链接没有生成它；正在执行完全链接
         Zigzag Conversion.vcxproj -> E:\Github\LeetCode\Zigzag Conversion\Debug\Zigzag Conversion.exe
       Manifest:
         C:\Program Files (x86)\Microsoft SDKs\Windows\v7.0A\bin\mt.exe /nologo /verbose /outputresource:"E:\Github\LeetCode\Zigzag Conversion\Debug\Zigzag Conversion.exe;#1" /manifest "Debug\Zigzag Conversion.exe.intermediate.manifest"
       FinalizeBuildStatus:
         正在删除文件“Debug\Zigzag Conversion.unsuccessfulbuild”。
         正在对“Debug\Zigzag Conversion.lastbuildstate”执行 Touch 任务。
     1>已完成生成项目“E:\Github\LeetCode\Zigzag Conversion\Zigzag Conversion\Zigzag Conversion.vcxproj”(build 个目标)的操作。

生成成功。

已用时间 00:00:00.53
